# JRE version: Java(TM) SE Runtime Environment (7.0_71-b14) (build 1.7.0_71-b14)
# Java VM: Java HotSpot(TM) 64-Bit Server VM (24.71-b01 mixed mode bsd-amd64 compressed oops)
Heap
 PSYoungGen      total 76800K, used 30994K [0x00000007aaa80000, 0x00000007b4080000, 0x0000000800000000)
  eden space 66048K, 30% used [0x00000007aaa80000,0x00000007abe48900,0x00000007aeb00000)
  from space 10752K, 99% used [0x00000007aeb00000,0x00000007af57bfe0,0x00000007af580000)
  to   space 10752K, 0% used [0x00000007b3600000,0x00000007b3600000,0x00000007b4080000)
 ParOldGen       total 174592K, used 27358K [0x0000000700000000, 0x000000070aa80000, 0x00000007aaa80000)
  object space 174592K, 15% used [0x0000000700000000,0x0000000701ab7b08,0x000000070aa80000)
 PSPermGen       total 21504K, used 16359K [0x00000006fae00000, 0x00000006fc300000, 0x0000000700000000)
  object space 21504K, 76% used [0x00000006fae00000,0x00000006fbdf9cf8,0x00000006fc300000)
GC Heap History (6 events):
Event: 3.466 GC heap before
{Heap before GC invocations=1 (full 0):
 PSYoungGen      total 76800K, used 66048K [0x00000007aaa80000, 0x00000007b0000000, 0x0000000800000000)
  eden space 66048K, 100% used [0x00000007aaa80000,0x00000007aeb00000,0x00000007aeb00000)
  from space 10752K, 0% used [0x00000007af580000,0x00000007af580000,0x00000007b0000000)
  to   space 10752K, 0% used [0x00000007aeb00000,0x00000007aeb00000,0x00000007af580000)
 ParOldGen       total 174592K, used 0K [0x0000000700000000, 0x000000070aa80000, 0x00000007aaa80000)
  object space 174592K, 0% used [0x0000000700000000,0x0000000700000000,0x000000070aa80000)
 PSPermGen       total 21504K, used 13587K [0x00000006fae00000, 0x00000006fc300000, 0x0000000700000000)
  object space 21504K, 63% used [0x00000006fae00000,0x00000006fbb44c98,0x00000006fc300000)
Event: 3.479 GC heap after
Heap after GC invocations=1 (full 0):
 PSYoungGen      total 76800K, used 10743K [0x00000007aaa80000, 0x00000007b0000000, 0x0000000800000000)
  eden space 66048K, 0% used [0x00000007aaa80000,0x00000007aaa80000,0x00000007aeb00000)
  from space 10752K, 99% used [0x00000007aeb00000,0x00000007af57de48,0x00000007af580000)
  to   space 10752K, 0% used [0x00000007af580000,0x00000007af580000,0x00000007b0000000)
 ParOldGen       total 174592K, used 18280K [0x0000000700000000, 0x000000070aa80000, 0x00000007aaa80000)
  object space 174592K, 10% used [0x0000000700000000,0x00000007011da0d8,0x000000070aa80000)
 PSPermGen       total 21504K, used 13587K [0x00000006fae00000, 0x00000006fc300000, 0x0000000700000000)
  object space 21504K, 63% used [0x00000006fae00000,0x00000006fbb44c98,0x00000006fc300000)
}
Event: 3.693 GC heap before
{Heap before GC invocations=2 (full 0):
 PSYoungGen      total 76800K, used 76791K [0x00000007aaa80000, 0x00000007b0000000, 0x0000000800000000)
  eden space 66048K, 100% used [0x00000007aaa80000,0x00000007aeb00000,0x00000007aeb00000)
  from space 10752K, 99% used [0x00000007aeb00000,0x00000007af57de48,0x00000007af580000)
  to   space 10752K, 0% used [0x00000007af580000,0x00000007af580000,0x00000007b0000000)
 ParOldGen       total 174592K, used 18280K [0x0000000700000000, 0x000000070aa80000, 0x00000007aaa80000)
  object space 174592K, 10% used [0x0000000700000000,0x00000007011da0d8,0x000000070aa80000)
 PSPermGen       total 21504K, used 14357K [0x00000006fae00000, 0x00000006fc300000, 0x0000000700000000)
  object space 21504K, 66% used [0x00000006fae00000,0x00000006fbc05470,0x00000006fc300000)
Event: 3.702 GC heap after
Heap after GC invocations=2 (full 0):
 PSYoungGen      total 76800K, used 10733K [0x00000007aaa80000, 0x00000007b4080000, 0x0000000800000000)
  eden space 66048K, 0% used [0x00000007aaa80000,0x00000007aaa80000,0x00000007aeb00000)
  from space 10752K, 99% used [0x00000007af580000,0x00000007afffb520,0x00000007b0000000)
  to   space 10752K, 0% used [0x00000007aeb00000,0x00000007aeb00000,0x00000007af580000)
 ParOldGen       total 174592K, used 23268K [0x0000000700000000, 0x000000070aa80000, 0x00000007aaa80000)
  object space 174592K, 13% used [0x0000000700000000,0x00000007016b93d8,0x000000070aa80000)
 PSPermGen       total 21504K, used 14357K [0x00000006fae00000, 0x00000006fc300000, 0x0000000700000000)
  object space 21504K, 66% used [0x00000006fae00000,0x00000006fbc05470,0x00000006fc300000)
}
Event: 3.957 GC heap before
{Heap before GC invocations=3 (full 0):
 PSYoungGen      total 76800K, used 76781K [0x00000007aaa80000, 0x00000007b4080000, 0x0000000800000000)
  eden space 66048K, 100% used [0x00000007aaa80000,0x00000007aeb00000,0x00000007aeb00000)
  from space 10752K, 99% used [0x00000007af580000,0x00000007afffb520,0x00000007b0000000)
  to   space 10752K, 0% used [0x00000007aeb00000,0x00000007aeb00000,0x00000007af580000)
 ParOldGen       total 174592K, used 23268K [0x0000000700000000, 0x000000070aa80000, 0x00000007aaa80000)
  object space 174592K, 13% used [0x0000000700000000,0x00000007016b93d8,0x000000070aa80000)
 PSPermGen       total 21504K, used 14489K [0x00000006fae00000, 0x00000006fc300000, 0x0000000700000000)
  object space 21504K, 67% used [0x00000006fae00000,0x00000006fbc26760,0x00000006fc300000)
Event: 3.963 GC heap after
Heap after GC invocations=3 (full 0):
 PSYoungGen      total 76800K, used 10735K [0x00000007aaa80000, 0x00000007b4080000, 0x0000000800000000)
  eden space 66048K, 0% used [0x00000007aaa80000,0x00000007aaa80000,0x00000007aeb00000)
  from space 10752K, 99% used [0x00000007aeb00000,0x00000007af57bfe0,0x00000007af580000)
  to   space 10752K, 0% used [0x00000007b3600000,0x00000007b3600000,0x00000007b4080000)
 ParOldGen       total 174592K, used 27358K [0x0000000700000000, 0x000000070aa80000, 0x00000007aaa80000)
  object space 174592K, 15% used [0x0000000700000000,0x0000000701ab7b08,0x000000070aa80000)
 PSPermGen       total 21504K, used 14489K [0x00000006fae00000, 0x00000006fc300000, 0x0000000700000000)
  object space 21504K, 67% used [0x00000006fae00000,0x00000006fbc26760,0x00000006fc300000)
}

